android/build/outputs/logs/manifest-merger-debug-report.txt
-- Merging decision tree log ---
manifest
ADDED from RememberNumbers\android\AndroidManifest.xml:2:1-127:12
INJECTED from RememberNumbers\android\AndroidManifest.xml:2:1-127:12
INJECTED from RememberNumbers\android\AndroidManifest.xml:2:1-127:12
INJECTED from RememberNumbers\android\AndroidManifest.xml:2:1-127:12
MERGED from [androidx.multidex:multidex:2.0.0] AndroidManifest.xml:17:1-22:12
MERGED from [com.google.android.gms:play-services-ads:20.4.0] AndroidManifest.xml:17:1-25:12
MERGED from [com.google.android.gms:play-services-games:23.1.0] AndroidManifest.xml:17:1-24:12
MERGED from [com.google.android.gms:play-services-auth:20.4.1] AndroidManifest.xml:17:1-40:12
MERGED from [androidx.work:work-runtime-ktx:2.7.1] AndroidManifest.xml:17:1-24:12
MERGED from [com.google.android.material:material:1.6.0] AndroidManifest.xml:17:1-26:12
MERGED from [androidx.constraintlayout:constraintlayout:2.1.4] AndroidManifest.xml:2:1-11:12
MERGED from [androidx.appcompat:appcompat-resources:1.6.1] AndroidManifest.xml:17:1-22:12
MERGED from [androidx.appcompat:appcompat:1.6.1] AndroidManifest.xml:17:1-22:12
MERGED from [com.google.firebase:firebase-auth:21.0.2] AndroidManifest.xml:17:1-73:12
MERGED from [androidx.browser:browser:1.0.0] AndroidManifest.xml:17:1-22:12
MERGED from [com.google.android.gms:play-services-drive:17.0.0] AndroidManifest.xml:17:1-24:12
MERGED from [com.google.android.gms:play-services-auth-api-phone:18.0.1] AndroidManifest.xml:2:1-7:12
MERGED from [com.google.android.gms:play-services-auth-base:18.0.4] AndroidManifest.xml:2:1-7:12
MERGED from [com.google.android.gms:play-services-fido:19.0.1] AndroidManifest.xml:2:1-10:12
MERGED from [com.google.android.gms:play-services-safetynet:17.0.0] AndroidManifest.xml:17:1-24:12
MERGED from [com.google.android.gms:play-services-base:18.0.1] AndroidManifest.xml:16:1-24:12
MERGED from [com.google.android.gms:play-services-ads-lite:20.4.0] AndroidManifest.xml:17:1-67:12
MERGED from [com.google.android.gms:play-services-ads-base:20.4.0] AndroidManifest.xml:2:1-9:12
MERGED from [com.google.android.ump:user-messaging-platform:1.0.0] AndroidManifest.xml:2:1-7:12
MERGED from [com.google.android.gms:play-services-ads-identifier:17.0.0] AndroidManifest.xml:17:1-24:12
MERGED from [com.google.firebase:firebase-auth-interop:20.0.0] AndroidManifest.xml:2:1-10:12
MERGED from [com.google.firebase:firebase-common:20.1.0] AndroidManifest.xml:15:1-40:12
MERGED from [com.google.android.gms:play-services-tasks:18.0.1] AndroidManifest.xml:2:1-6:12
MERGED from [com.google.android.gms:play-services-measurement-sdk-api:18.0.3] AndroidManifest.xml:17:1-27:12
MERGED from [com.google.android.gms:play-services-measurement-base:18.0.3] AndroidManifest.xml:2:1-9:12
MERGED from [com.google.android.gms:play-services-basement:18.1.0] AndroidManifest.xml:16:1-26:12
MERGED from [androidx.viewpager2:viewpager2:1.0.0] AndroidManifest.xml:17:1-24:12
MERGED from [androidx.fragment:fragment:1.3.6] AndroidManifest.xml:17:1-24:12
MERGED from [androidx.dynamicanimation:dynamicanimation:1.0.0] AndroidManifest.xml:17:1-22:12
MERGED from [androidx.legacy:legacy-support-core-ui:1.0.0] AndroidManifest.xml:17:1-22:12
MERGED from [androidx.legacy:legacy-support-core-utils:1.0.0] AndroidManifest.xml:17:1-22:12
MERGED from [androidx.loader:loader:1.0.0] AndroidManifest.xml:17:1-22:12
MERGED from [androidx.work:work-runtime:2.7.1] AndroidManifest.xml:17:1-145:12
MERGED from [androidx.activity:activity:1.6.0] AndroidManifest.xml:17:1-22:12
MERGED from [androidx.emoji2:emoji2-views-helper:1.2.0] AndroidManifest.xml:2:1-7:12
MERGED from [androidx.emoji2:emoji2:1.2.0] AndroidManifest.xml:17:1-35:12
MERGED from [androidx.drawerlayout:drawerlayout:1.1.1] AndroidManifest.xml:17:1-24:12
MERGED from [androidx.coordinatorlayout:coordinatorlayout:1.1.0] AndroidManifest.xml:17:1-24:12
MERGED from [androidx.transition:transition:1.2.0] AndroidManifest.xml:17:1-24:12
MERGED from [androidx.vectordrawable:vectordrawable-animated:1.1.0] AndroidManifest.xml:17:1-24:12
MERGED from [androidx.vectordrawable:vectordrawable:1.1.0] AndroidManifest.xml:17:1-24:12
MERGED from [androidx.lifecycle:lifecycle-viewmodel:2.5.1] AndroidManifest.xml:17:1-24:12
MERGED from [androidx.lifecycle:lifecycle-viewmodel-savedstate:2.5.1] AndroidManifest.xml:17:1-24:12
MERGED from [androidx.core:core-ktx:1.9.0] AndroidManifest.xml:2:1-7:12
MERGED from [androidx.viewpager:viewpager:1.0.0] AndroidManifest.xml:17:1-22:12
MERGED from [androidx.recyclerview:recyclerview:1.1.0] AndroidManifest.xml:17:1-24:12
MERGED from [androidx.slidingpanelayout:slidingpanelayout:1.0.0] AndroidManifest.xml:17:1-22:12
MERGED from [androidx.customview:customview:1.1.0] AndroidManifest.xml:17:1-24:12
MERGED from [androidx.swiperefreshlayout:swiperefreshlayout:1.0.0] AndroidManifest.xml:17:1-22:12
MERGED from [androidx.asynclayoutinflater:asynclayoutinflater:1.0.0] AndroidManifest.xml:17:1-22:12
MERGED from [androidx.core:core:1.9.0] AndroidManifest.xml:17:1-30:12
MERGED from [androidx.versionedparcelable:versionedparcelable:1.1.1] AndroidManifest.xml:17:1-27:12
MERGED from [androidx.savedstate:savedstate:1.2.0] AndroidManifest.xml:17:1-24:12
MERGED from [androidx.annotation:annotation-experimental:1.3.0] AndroidManifest.xml:17:1-22:12
MERGED from [androidx.cursoradapter:cursoradapter:1.0.0] AndroidManifest.xml:17:1-22:12
MERGED from [androidx.lifecycle:lifecycle-service:2.1.0] AndroidManifest.xml:17:1-22:12
MERGED from [androidx.lifecycle:lifecycle-process:2.4.1] AndroidManifest.xml:17:1-37:12
MERGED from [androidx.lifecycle:lifecycle-runtime:2.5.1] AndroidManifest.xml:17:1-24:12
MERGED from [androidx.cardview:cardview:1.0.0] AndroidManifest.xml:17:1-22:12
MERGED from [androidx.localbroadcastmanager:localbroadcastmanager:1.0.0] AndroidManifest.xml:17:1-22:12
MERGED from [com.google.firebase:firebase-components:17.0.0] AndroidManifest.xml:15:1-23:12
MERGED from [androidx.interpolator:interpolator:1.0.0] AndroidManifest.xml:17:1-22:12
MERGED from [androidx.room:room-runtime:2.2.5] AndroidManifest.xml:17:1-31:12
MERGED from [androidx.sqlite:sqlite-framework:2.1.0] AndroidManifest.xml:17:1-24:12
MERGED from [androidx.sqlite:sqlite:2.1.0] AndroidManifest.xml:17:1-24:12
MERGED from [androidx.startup:startup-runtime:1.1.1] AndroidManifest.xml:17:1-33:12
MERGED from [androidx.tracing:tracing:1.0.0] AndroidManifest.xml:17:1-24:12
MERGED from [androidx.lifecycle:lifecycle-livedata:2.1.0] AndroidManifest.xml:17:1-22:12
MERGED from [androidx.lifecycle:lifecycle-livedata-core:2.5.1] AndroidManifest.xml:17:1-24:12
MERGED from [androidx.arch.core:core-runtime:2.1.0] AndroidManifest.xml:17:1-24:12
MERGED from [androidx.documentfile:documentfile:1.0.0] AndroidManifest.xml:17:1-22:12
MERGED from [androidx.print:print:1.0.0] AndroidManifest.xml:17:1-22:12
INJECTED from RememberNumbers\android\AndroidManifest.xml:2:1-127:12
INJECTED from RememberNumbers\android\AndroidManifest.xml:2:1-127:12
INJECTED from RememberNumbers\android\AndroidManifest.xml:2:1-127:12
	package
		ADDED from RememberNumbers\android\AndroidManifest.xml:4:5-30
		INJECTED from RememberNumbers\android\AndroidManifest.xml
		INJECTED from RememberNumbers\android\AndroidManifest.xml
	android:versionName
		INJECTED from RememberNumbers\android\AndroidManifest.xml
		ADDED from RememberNumbers\android\AndroidManifest.xml:2:1-127:12
		INJECTED from RememberNumbers\android\AndroidManifest.xml
	xmlns:tools
		ADDED from RememberNumbers\android\AndroidManifest.xml:3:5-51
	android:versionCode
		INJECTED from RememberNumbers\android\AndroidManifest.xml
		ADDED from RememberNumbers\android\AndroidManifest.xml:2:1-127:12
		INJECTED from RememberNumbers\android\AndroidManifest.xml
	xmlns:android
		ADDED from RememberNumbers\android\AndroidManifest.xml:2:11-69
uses-permission#android.permission.INTERNET
ADDED from RememberNumbers\android\AndroidManifest.xml:5:5-67
MERGED from [com.google.firebase:firebase-auth:21.0.2] AndroidManifest.xml:23:5-67
MERGED from [com.google.firebase:firebase-auth:21.0.2] AndroidManifest.xml:23:5-67
MERGED from [com.google.android.gms:play-services-ads-lite:20.4.0] AndroidManifest.xml:23:5-67
MERGED from [com.google.android.gms:play-services-ads-lite:20.4.0] AndroidManifest.xml:23:5-67
MERGED from [com.google.android.gms:play-services-measurement-sdk-api:18.0.3] AndroidManifest.xml:23:5-67
MERGED from [com.google.android.gms:play-services-measurement-sdk-api:18.0.3] AndroidManifest.xml:23:5-67
	android:name
		ADDED from RememberNumbers\android\AndroidManifest.xml:5:22-64
uses-permission#android.permission.ACCESS_WIFI_STATE
ADDED from RememberNumbers\android\AndroidManifest.xml:6:5-76
	android:name
		ADDED from RememberNumbers\android\AndroidManifest.xml:6:22-73
uses-permission#android.permission.ACCESS_NETWORK_STATE
ADDED from RememberNumbers\android\AndroidManifest.xml:7:5-79
MERGED from [com.google.firebase:firebase-auth:21.0.2] AndroidManifest.xml:24:5-79
MERGED from [com.google.firebase:firebase-auth:21.0.2] AndroidManifest.xml:24:5-79
MERGED from [com.google.android.gms:play-services-ads-lite:20.4.0] AndroidManifest.xml:24:5-79
MERGED from [com.google.android.gms:play-services-ads-lite:20.4.0] AndroidManifest.xml:24:5-79
MERGED from [com.google.android.gms:play-services-measurement-sdk-api:18.0.3] AndroidManifest.xml:24:5-79
MERGED from [com.google.android.gms:play-services-measurement-sdk-api:18.0.3] AndroidManifest.xml:24:5-79
MERGED from [androidx.work:work-runtime:2.7.1] AndroidManifest.xml:26:5-79
MERGED from [androidx.work:work-runtime:2.7.1] AndroidManifest.xml:26:5-79
	android:name
		ADDED from RememberNumbers\android\AndroidManifest.xml:7:22-76
application
ADDED from RememberNumbers\android\AndroidManifest.xml:8:5-126:19
MERGED from [com.google.android.gms:play-services-games:23.1.0] AndroidManifest.xml:22:5-20
MERGED from [com.google.android.gms:play-services-games:23.1.0] AndroidManifest.xml:22:5-20
MERGED from [com.google.android.gms:play-services-auth:20.4.1] AndroidManifest.xml:22:5-38:19
MERGED from [com.google.android.gms:play-services-auth:20.4.1] AndroidManifest.xml:22:5-38:19
MERGED from [com.google.android.material:material:1.6.0] AndroidManifest.xml:24:5-20
MERGED from [com.google.android.material:material:1.6.0] AndroidManifest.xml:24:5-20
MERGED from [androidx.constraintlayout:constraintlayout:2.1.4] AndroidManifest.xml:9:5-20
MERGED from [androidx.constraintlayout:constraintlayout:2.1.4] AndroidManifest.xml:9:5-20
MERGED from [com.google.firebase:firebase-auth:21.0.2] AndroidManifest.xml:26:5-71:19
MERGED from [com.google.firebase:firebase-auth:21.0.2] AndroidManifest.xml:26:5-71:19
MERGED from [com.google.android.gms:play-services-drive:17.0.0] AndroidManifest.xml:22:5-20
MERGED from [com.google.android.gms:play-services-drive:17.0.0] AndroidManifest.xml:22:5-20
MERGED from [com.google.android.gms:play-services-fido:19.0.1] AndroidManifest.xml:7:5-8:19
MERGED from [com.google.android.gms:play-services-fido:19.0.1] AndroidManifest.xml:7:5-8:19
MERGED from [com.google.android.gms:play-services-safetynet:17.0.0] AndroidManifest.xml:22:5-20
MERGED from [com.google.android.gms:play-services-safetynet:17.0.0] AndroidManifest.xml:22:5-20
MERGED from [com.google.android.gms:play-services-base:18.0.1] AndroidManifest.xml:19:5-23:19
MERGED from [com.google.android.gms:play-services-base:18.0.1] AndroidManifest.xml:19:5-23:19
MERGED from [com.google.android.gms:play-services-ads-lite:20.4.0] AndroidManifest.xml:46:5-65:19
MERGED from [com.google.android.gms:play-services-ads-lite:20.4.0] AndroidManifest.xml:46:5-65:19
MERGED from [com.google.android.gms:play-services-ads-base:20.4.0] AndroidManifest.xml:7:5-20
MERGED from [com.google.android.gms:play-services-ads-base:20.4.0] AndroidManifest.xml:7:5-20
MERGED from [com.google.android.gms:play-services-ads-identifier:17.0.0] AndroidManifest.xml:22:5-20
MERGED from [com.google.android.gms:play-services-ads-identifier:17.0.0] AndroidManifest.xml:22:5-20
MERGED from [com.google.firebase:firebase-auth-interop:20.0.0] AndroidManifest.xml:7:5-8:19
MERGED from [com.google.firebase:firebase-auth-interop:20.0.0] AndroidManifest.xml:7:5-8:19
MERGED from [com.google.firebase:firebase-common:20.1.0] AndroidManifest.xml:25:5-38:19
MERGED from [com.google.firebase:firebase-common:20.1.0] AndroidManifest.xml:25:5-38:19
MERGED from [com.google.android.gms:play-services-tasks:18.0.1] AndroidManifest.xml:5:5-20
MERGED from [com.google.android.gms:play-services-tasks:18.0.1] AndroidManifest.xml:5:5-20
MERGED from [com.google.android.gms:play-services-measurement-base:18.0.3] AndroidManifest.xml:7:5-20
MERGED from [com.google.android.gms:play-services-measurement-base:18.0.3] AndroidManifest.xml:7:5-20
MERGED from [com.google.android.gms:play-services-basement:18.1.0] AndroidManifest.xml:20:5-24:19
MERGED from [com.google.android.gms:play-services-basement:18.1.0] AndroidManifest.xml:20:5-24:19
MERGED from [androidx.work:work-runtime:2.7.1] AndroidManifest.xml:30:5-143:19
MERGED from [androidx.work:work-runtime:2.7.1] AndroidManifest.xml:30:5-143:19
MERGED from [androidx.emoji2:emoji2:1.2.0] AndroidManifest.xml:23:5-33:19
MERGED from [androidx.emoji2:emoji2:1.2.0] AndroidManifest.xml:23:5-33:19
MERGED from [androidx.core:core:1.9.0] AndroidManifest.xml:28:5-89
MERGED from [androidx.core:core:1.9.0] AndroidManifest.xml:28:5-89
MERGED from [androidx.versionedparcelable:versionedparcelable:1.1.1] AndroidManifest.xml:24:5-25:19
MERGED from [androidx.versionedparcelable:versionedparcelable:1.1.1] AndroidManifest.xml:24:5-25:19
MERGED from [androidx.lifecycle:lifecycle-process:2.4.1] AndroidManifest.xml:25:5-35:19
MERGED from [androidx.lifecycle:lifecycle-process:2.4.1] AndroidManifest.xml:25:5-35:19
MERGED from [androidx.room:room-runtime:2.2.5] AndroidManifest.xml:24:5-29:19
MERGED from [androidx.room:room-runtime:2.2.5] AndroidManifest.xml:24:5-29:19
MERGED from [androidx.startup:startup-runtime:1.1.1] AndroidManifest.xml:25:5-31:19
MERGED from [androidx.startup:startup-runtime:1.1.1] AndroidManifest.xml:25:5-31:19
	android:appComponentFactory
		ADDED from [androidx.core:core:1.9.0] AndroidManifest.xml:28:18-86
	android:label
		ADDED from RememberNumbers\android\AndroidManifest.xml:12:9-41
	android:fullBackupContent
		ADDED from RememberNumbers\android\AndroidManifest.xml:10:9-41
	android:icon
		ADDED from RememberNumbers\android\AndroidManifest.xml:11:9-45
	android:allowBackup
		ADDED from RememberNumbers\android\AndroidManifest.xml:9:9-35
	android:theme
		ADDED from RememberNumbers\android\AndroidManifest.xml:13:9-40
meta-data#com.google.android.gms.games.APP_ID
ADDED from RememberNumbers\android\AndroidManifest.xml:16:9-18:46
	android:value
		ADDED from RememberNumbers\android\AndroidManifest.xml:18:13-43
	android:name
		ADDED from RememberNumbers\android\AndroidManifest.xml:17:13-63
meta-data#com.google.android.gms.ads.APPLICATION_ID
ADDED from RememberNumbers\android\AndroidManifest.xml:21:9-23:51
	android:value
		ADDED from RememberNumbers\android\AndroidManifest.xml:23:13-49
	android:name
		ADDED from RememberNumbers\android\AndroidManifest.xml:22:13-69
meta-data#com.google.android.gms.version
ADDED from RememberNumbers\android\AndroidManifest.xml:24:9-26:69
MERGED from [com.google.android.gms:play-services-basement:18.1.0] AndroidManifest.xml:21:9-23:69
MERGED from [com.google.android.gms:play-services-basement:18.1.0] AndroidManifest.xml:21:9-23:69
	android:value
		ADDED from RememberNumbers\android\AndroidManifest.xml:26:13-66
	android:name
		ADDED from RememberNumbers\android\AndroidManifest.xml:25:13-58
activity#com.google.android.gms.ads.AdActivity
ADDED from RememberNumbers\android\AndroidManifest.xml:27:9-30:64
MERGED from [com.google.android.gms:play-services-ads-lite:20.4.0] AndroidManifest.xml:49:9-53:64
MERGED from [com.google.android.gms:play-services-ads-lite:20.4.0] AndroidManifest.xml:49:9-53:64
	android:exported
		ADDED from [com.google.android.gms:play-services-ads-lite:20.4.0] AndroidManifest.xml:52:13-37
	android:configChanges
		ADDED from RememberNumbers\android\AndroidManifest.xml:29:13-122
	android:theme
		ADDED from RememberNumbers\android\AndroidManifest.xml:30:13-61
	android:name
		ADDED from RememberNumbers\android\AndroidManifest.xml:28:13-65
activity#com.app.android.AndroidLauncher
ADDED from RememberNumbers\android\AndroidManifest.xml:33:9-40:20
	android:screenOrientation
		ADDED from RememberNumbers\android\AndroidManifest.xml:38:13-56
	android:label
		ADDED from RememberNumbers\android\AndroidManifest.xml:37:13-45
	android:exported
		ADDED from RememberNumbers\android\AndroidManifest.xml:34:13-36
	android:configChanges
		ADDED from RememberNumbers\android\AndroidManifest.xml:36:13-83
	android:name
		ADDED from RememberNumbers\android\AndroidManifest.xml:35:13-44
activity#com.app.android.MainAct
ADDED from RememberNumbers\android\AndroidManifest.xml:41:9-54:20
	android:label
		ADDED from RememberNumbers\android\AndroidManifest.xml:46:13-45
	android:exported
		ADDED from RememberNumbers\android\AndroidManifest.xml:43:13-36
	tools:ignore
		ADDED from RememberNumbers\android\AndroidManifest.xml:48:13-42
	android:configChanges
		ADDED from RememberNumbers\android\AndroidManifest.xml:45:13-83
	android:theme
		ADDED from RememberNumbers\android\AndroidManifest.xml:42:13-49
	android:name
		ADDED from RememberNumbers\android\AndroidManifest.xml:44:13-36
intent-filter#action:name:android.intent.action.MAIN+category:name:android.intent.category.LAUNCHER
ADDED from RememberNumbers\android\AndroidManifest.xml:49:13-53:29
action#android.intent.action.MAIN
ADDED from RememberNumbers\android\AndroidManifest.xml:50:17-69
	android:name
		ADDED from RememberNumbers\android\AndroidManifest.xml:50:25-66
category#android.intent.category.LAUNCHER
ADDED from RememberNumbers\android\AndroidManifest.xml:52:17-77
	android:name
		ADDED from RememberNumbers\android\AndroidManifest.xml:52:27-74
activity#com.app.android.OtpSendActivity
ADDED from RememberNumbers\android\AndroidManifest.xml:55:9-64:20
	android:label
		ADDED from RememberNumbers\android\AndroidManifest.xml:60:13-45
	android:exported
		ADDED from RememberNumbers\android\AndroidManifest.xml:57:13-36
	tools:ignore
		ADDED from RememberNumbers\android\AndroidManifest.xml:62:13-42
	android:configChanges
		ADDED from RememberNumbers\android\AndroidManifest.xml:59:13-83
	android:theme
		ADDED from RememberNumbers\android\AndroidManifest.xml:56:13-49
	android:name
		ADDED from RememberNumbers\android\AndroidManifest.xml:58:13-44
activity#com.app.android.OtpVerifyActivity
ADDED from RememberNumbers\android\AndroidManifest.xml:65:9-74:20
	android:label
		ADDED from RememberNumbers\android\AndroidManifest.xml:70:13-45
	android:exported
		ADDED from RememberNumbers\android\AndroidManifest.xml:67:13-36
	tools:ignore
		ADDED from RememberNumbers\android\AndroidManifest.xml:72:13-42
	android:configChanges
		ADDED from RememberNumbers\android\AndroidManifest.xml:69:13-83
	android:theme
		ADDED from RememberNumbers\android\AndroidManifest.xml:66:13-49
	android:name
		ADDED from RememberNumbers\android\AndroidManifest.xml:68:13-46
activity#com.app.android.Mainss
ADDED from RememberNumbers\android\AndroidManifest.xml:75:9-85:20
	android:label
		ADDED from RememberNumbers\android\AndroidManifest.xml:80:13-45
	android:exported
		ADDED from RememberNumbers\android\AndroidManifest.xml:77:13-36
	tools:ignore
		ADDED from RememberNumbers\android\AndroidManifest.xml:82:13-42
	android:configChanges
		ADDED from RememberNumbers\android\AndroidManifest.xml:79:13-83
	android:theme
		ADDED from RememberNumbers\android\AndroidManifest.xml:76:13-49
	android:name
		ADDED from RememberNumbers\android\AndroidManifest.xml:78:13-35
activity#com.app.android.Mainsec
ADDED from RememberNumbers\android\AndroidManifest.xml:86:9-95:20
	android:screenOrientation
		ADDED from RememberNumbers\android\AndroidManifest.xml:92:13-50
	android:label
		ADDED from RememberNumbers\android\AndroidManifest.xml:91:13-45
	android:exported
		ADDED from RememberNumbers\android\AndroidManifest.xml:88:13-36
	tools:ignore
		ADDED from RememberNumbers\android\AndroidManifest.xml:93:13-42
	android:configChanges
		ADDED from RememberNumbers\android\AndroidManifest.xml:90:13-83
	android:theme
		ADDED from RememberNumbers\android\AndroidManifest.xml:87:13-44
	android:name
		ADDED from RememberNumbers\android\AndroidManifest.xml:89:13-36
activity#com.app.android.Mainthird
ADDED from RememberNumbers\android\AndroidManifest.xml:96:9-105:20
	android:screenOrientation
		ADDED from RememberNumbers\android\AndroidManifest.xml:102:13-49
	android:label
		ADDED from RememberNumbers\android\AndroidManifest.xml:101:13-45
	android:exported
		ADDED from RememberNumbers\android\AndroidManifest.xml:98:13-36
	tools:ignore
		ADDED from RememberNumbers\android\AndroidManifest.xml:103:13-42
	android:configChanges
		ADDED from RememberNumbers\android\AndroidManifest.xml:100:13-83
	android:theme
		ADDED from RememberNumbers\android\AndroidManifest.xml:97:13-44
	android:name
		ADDED from RememberNumbers\android\AndroidManifest.xml:99:13-38
activity#com.app.android.Firstscreen
ADDED from RememberNumbers\android\AndroidManifest.xml:106:9-115:20
	android:screenOrientation
		ADDED from RememberNumbers\android\AndroidManifest.xml:112:13-49
	android:label
		ADDED from RememberNumbers\android\AndroidManifest.xml:111:13-45
	android:exported
		ADDED from RememberNumbers\android\AndroidManifest.xml:108:13-36
	tools:ignore
		ADDED from RememberNumbers\android\AndroidManifest.xml:113:13-42
	android:configChanges
		ADDED from RememberNumbers\android\AndroidManifest.xml:110:13-83
	android:theme
		ADDED from RememberNumbers\android\AndroidManifest.xml:107:13-49
	android:name
		ADDED from RememberNumbers\android\AndroidManifest.xml:109:13-40
activity#com.app.android.Videovw
ADDED from RememberNumbers\android\AndroidManifest.xml:116:9-125:20
	android:screenOrientation
		ADDED from RememberNumbers\android\AndroidManifest.xml:122:13-50
	android:label
		ADDED from RememberNumbers\android\AndroidManifest.xml:121:13-45
	android:exported
		ADDED from RememberNumbers\android\AndroidManifest.xml:118:13-36
	tools:ignore
		ADDED from RememberNumbers\android\AndroidManifest.xml:123:13-42
	android:configChanges
		ADDED from RememberNumbers\android\AndroidManifest.xml:120:13-83
	android:theme
		ADDED from RememberNumbers\android\AndroidManifest.xml:117:13-49
	android:name
		ADDED from RememberNumbers\android\AndroidManifest.xml:119:13-36
uses-sdk
INJECTED from RememberNumbers\android\AndroidManifest.xml reason: use-sdk injection requested
INJECTED from RememberNumbers\android\AndroidManifest.xml
INJECTED from RememberNumbers\android\AndroidManifest.xml
MERGED from [androidx.multidex:multidex:2.0.0] AndroidManifest.xml:20:5-43
MERGED from [androidx.multidex:multidex:2.0.0] AndroidManifest.xml:20:5-43
MERGED from [com.google.android.gms:play-services-ads:20.4.0] AndroidManifest.xml:21:5-23:52
MERGED from [com.google.android.gms:play-services-ads:20.4.0] AndroidManifest.xml:21:5-23:52
MERGED from [com.google.android.gms:play-services-games:23.1.0] AndroidManifest.xml:20:5-44
MERGED from [com.google.android.gms:play-services-games:23.1.0] AndroidManifest.xml:20:5-44
MERGED from [com.google.android.gms:play-services-auth:20.4.1] AndroidManifest.xml:20:5-44
MERGED from [com.google.android.gms:play-services-auth:20.4.1] AndroidManifest.xml:20:5-44
MERGED from [androidx.work:work-runtime-ktx:2.7.1] AndroidManifest.xml:20:5-22:41
MERGED from [androidx.work:work-runtime-ktx:2.7.1] AndroidManifest.xml:20:5-22:41
MERGED from [com.google.android.material:material:1.6.0] AndroidManifest.xml:20:5-22:41
MERGED from [com.google.android.material:material:1.6.0] AndroidManifest.xml:20:5-22:41
MERGED from [androidx.constraintlayout:constraintlayout:2.1.4] AndroidManifest.xml:5:5-7:41
MERGED from [androidx.constraintlayout:constraintlayout:2.1.4] AndroidManifest.xml:5:5-7:41
MERGED from [androidx.appcompat:appcompat-resources:1.6.1] AndroidManifest.xml:20:5-44
MERGED from [androidx.appcompat:appcompat-resources:1.6.1] AndroidManifest.xml:20:5-44
MERGED from [androidx.appcompat:appcompat:1.6.1] AndroidManifest.xml:20:5-44
MERGED from [androidx.appcompat:appcompat:1.6.1] AndroidManifest.xml:20:5-44
MERGED from [com.google.firebase:firebase-auth:21.0.2] AndroidManifest.xml:21:5-44
MERGED from [com.google.firebase:firebase-auth:21.0.2] AndroidManifest.xml:21:5-44
MERGED from [androidx.browser:browser:1.0.0] AndroidManifest.xml:20:5-44
MERGED from [androidx.browser:browser:1.0.0] AndroidManifest.xml:20:5-44
MERGED from [com.google.android.gms:play-services-drive:17.0.0] AndroidManifest.xml:20:5-44
MERGED from [com.google.android.gms:play-services-drive:17.0.0] AndroidManifest.xml:20:5-44
MERGED from [com.google.android.gms:play-services-auth-api-phone:18.0.1] AndroidManifest.xml:5:5-44
MERGED from [com.google.android.gms:play-services-auth-api-phone:18.0.1] AndroidManifest.xml:5:5-44
MERGED from [com.google.android.gms:play-services-auth-base:18.0.4] AndroidManifest.xml:5:5-44
MERGED from [com.google.android.gms:play-services-auth-base:18.0.4] AndroidManifest.xml:5:5-44
MERGED from [com.google.android.gms:play-services-fido:19.0.1] AndroidManifest.xml:5:5-44
MERGED from [com.google.android.gms:play-services-fido:19.0.1] AndroidManifest.xml:5:5-44
MERGED from [com.google.android.gms:play-services-safetynet:17.0.0] AndroidManifest.xml:20:5-44
MERGED from [com.google.android.gms:play-services-safetynet:17.0.0] AndroidManifest.xml:20:5-44
MERGED from [com.google.android.gms:play-services-base:18.0.1] AndroidManifest.xml:18:5-43
MERGED from [com.google.android.gms:play-services-base:18.0.1] AndroidManifest.xml:18:5-43
MERGED from [com.google.android.gms:play-services-ads-lite:20.4.0] AndroidManifest.xml:20:5-44
MERGED from [com.google.android.gms:play-services-ads-lite:20.4.0] AndroidManifest.xml:20:5-44
MERGED from [com.google.android.gms:play-services-ads-base:20.4.0] AndroidManifest.xml:5:5-44
MERGED from [com.google.android.gms:play-services-ads-base:20.4.0] AndroidManifest.xml:5:5-44
MERGED from [com.google.android.ump:user-messaging-platform:1.0.0] AndroidManifest.xml:5:5-44
MERGED from [com.google.android.ump:user-messaging-platform:1.0.0] AndroidManifest.xml:5:5-44
MERGED from [com.google.android.gms:play-services-ads-identifier:17.0.0] AndroidManifest.xml:20:5-44
MERGED from [com.google.android.gms:play-services-ads-identifier:17.0.0] AndroidManifest.xml:20:5-44
MERGED from [com.google.firebase:firebase-auth-interop:20.0.0] AndroidManifest.xml:5:5-44
MERGED from [com.google.firebase:firebase-auth-interop:20.0.0] AndroidManifest.xml:5:5-44
MERGED from [com.google.firebase:firebase-common:20.1.0] AndroidManifest.xml:20:5-22:41
MERGED from [com.google.firebase:firebase-common:20.1.0] AndroidManifest.xml:20:5-22:41
MERGED from [com.google.android.gms:play-services-tasks:18.0.1] AndroidManifest.xml:4:5-43
MERGED from [com.google.android.gms:play-services-tasks:18.0.1] AndroidManifest.xml:4:5-43
MERGED from [com.google.android.gms:play-services-measurement-sdk-api:18.0.3] AndroidManifest.xml:20:5-44
MERGED from [com.google.android.gms:play-services-measurement-sdk-api:18.0.3] AndroidManifest.xml:20:5-44
MERGED from [com.google.android.gms:play-services-measurement-base:18.0.3] AndroidManifest.xml:5:5-44
MERGED from [com.google.android.gms:play-services-measurement-base:18.0.3] AndroidManifest.xml:5:5-44
MERGED from [com.google.android.gms:play-services-basement:18.1.0] AndroidManifest.xml:18:5-43
MERGED from [com.google.android.gms:play-services-basement:18.1.0] AndroidManifest.xml:18:5-43
MERGED from [androidx.viewpager2:viewpager2:1.0.0] AndroidManifest.xml:20:5-22:41
MERGED from [androidx.viewpager2:viewpager2:1.0.0] AndroidManifest.xml:20:5-22:41
MERGED from [androidx.fragment:fragment:1.3.6] AndroidManifest.xml:20:5-22:41
MERGED from [androidx.fragment:fragment:1.3.6] AndroidManifest.xml:20:5-22:41
MERGED from [androidx.dynamicanimation:dynamicanimation:1.0.0] AndroidManifest.xml:20:5-44
MERGED from [androidx.dynamicanimation:dynamicanimation:1.0.0] AndroidManifest.xml:20:5-44
MERGED from [androidx.legacy:legacy-support-core-ui:1.0.0] AndroidManifest.xml:20:5-44
MERGED from [androidx.legacy:legacy-support-core-ui:1.0.0] AndroidManifest.xml:20:5-44
MERGED from [androidx.legacy:legacy-support-core-utils:1.0.0] AndroidManifest.xml:20:5-44
MERGED from [androidx.legacy:legacy-support-core-utils:1.0.0] AndroidManifest.xml:20:5-44
MERGED from [androidx.loader:loader:1.0.0] AndroidManifest.xml:20:5-44
MERGED from [androidx.loader:loader:1.0.0] AndroidManifest.xml:20:5-44
MERGED from [androidx.work:work-runtime:2.7.1] AndroidManifest.xml:21:5-23:41
MERGED from [androidx.work:work-runtime:2.7.1] AndroidManifest.xml:21:5-23:41
MERGED from [androidx.activity:activity:1.6.0] AndroidManifest.xml:20:5-44
MERGED from [androidx.activity:activity:1.6.0] AndroidManifest.xml:20:5-44
MERGED from [androidx.emoji2:emoji2-views-helper:1.2.0] AndroidManifest.xml:5:5-44
MERGED from [androidx.emoji2:emoji2-views-helper:1.2.0] AndroidManifest.xml:5:5-44
MERGED from [androidx.emoji2:emoji2:1.2.0] AndroidManifest.xml:21:5-44
MERGED from [androidx.emoji2:emoji2:1.2.0] AndroidManifest.xml:21:5-44
MERGED from [androidx.drawerlayout:drawerlayout:1.1.1] AndroidManifest.xml:20:5-22:41
MERGED from [androidx.drawerlayout:drawerlayout:1.1.1] AndroidManifest.xml:20:5-22:41
MERGED from [androidx.coordinatorlayout:coordinatorlayout:1.1.0] AndroidManifest.xml:20:5-22:41
MERGED from [androidx.coordinatorlayout:coordinatorlayout:1.1.0] AndroidManifest.xml:20:5-22:41
MERGED from [androidx.transition:transition:1.2.0] AndroidManifest.xml:20:5-22:41
MERGED from [androidx.transition:transition:1.2.0] AndroidManifest.xml:20:5-22:41
MERGED from [androidx.vectordrawable:vectordrawable-animated:1.1.0] AndroidManifest.xml:20:5-22:41
MERGED from [androidx.vectordrawable:vectordrawable-animated:1.1.0] AndroidManifest.xml:20:5-22:41